-------------------------------------------------------------------------------
Test set: com.targa.NumFinderTest
-------------------------------------------------------------------------------
Tests run: 4, Failures: 1, Errors: 0, Skipped: 0, Time elapsed: 0.165 s <<< FAILURE! - in com.targa.NumFinderTest
com.targa.NumFinderTest.testeMaiorQQOrdem  Time elapsed: 0.009 s  <<< FAILURE!
org.opentest4j.AssertionFailedError: expected: <14> but was: <15>
	at com.targa.NumFinderTest.testeMaiorQQOrdem(NumFinderTest.java:12)

