<?xml version="1.0" encoding="UTF-8"?>
<testsuite xmlns:xsi="http://www.w3.org/2001/XMLSchema-instance" xsi:noNamespaceSchemaLocation="https://maven.apache.org/surefire/maven-surefire-plugin/xsd/surefire-test-report-3.0.xsd" version="3.0" name="com.targa.NumFinderTest" time="0.165" tests="4" errors="0" skipped="0" failures="1">
  <properties>
[...]
</properties>
  <testcase name="testeMaiorOrdemCrescente" classname="com.targa.NumFinderTest" time="0.096"/>
  <testcase name="testeMaiorQQOrdem" classname="com.targa.NumFinderTest" time="0.009">
    <failure type="org.opentest4j.AssertionFailedError"><![CDATA[org.opentest4j.AssertionFailedError: expected: <14> but was: <15>
	at com.targa.NumFinderTest.testeMaiorQQOrdem(NumFinderTest.java:12)
]]></failure>
  </testcase>
  <testcase name="testeMenorQQOrdem" classname="com.targa.NumFinderTest" time="0.001"/>
  <testcase name="testeMenorOrdemCrescente" classname="com.targa.NumFinderTest" time="0.001"/>
</testsuite>